{
  "RSpec": {
    "coverage": {
      "/Users/michalcebula/code/project/mainten_app/config/environment.rb": {
        "lines": [
          null,
          null,
          null,
          1,
          null,
          null,
          1
        ]
      },
      "/Users/michalcebula/code/project/mainten_app/config/application.rb": {
        "lines": [
          null,
          null,
          1,
          null,
          1,
          null,
          1,
          1,
          1,
          1,
          1,
          1,
          1,
          1,
          1,
          1,
          null,
          null,
          null,
          null,
          1,
          null,
          1,
          1,
          null,
          1,
          null,
          null,
          null,
          null,
          null,
          null,
          null,
          null,
          null,
          null,
          1,
          null,
          null
        ]
      },
      "/Users/michalcebula/code/project/mainten_app/config/boot.rb": {
        "lines": [
          null,
          null,
          1,
          null,
          1,
          1
        ]
      },
      "/Users/michalcebula/code/project/mainten_app/config/environments/test.rb": {
        "lines": [
          null,
          null,
          1,
          null,
          null,
          null,
          null,
          null,
          null,
          1,
          null,
          null,
          null,
          1,
          null,
          null,
          null,
          null,
          1,
          null,
          null,
          1,
          1,
          null,
          null,
          null,
          null,
          1,
          1,
          1,
          null,
          null,
          1,
          null,
          null,
          1,
          null,
          null,
          1,
          null,
          1,
          null,
          null,
          null,
          null,
          1,
          null,
          null,
          1,
          null,
          null,
          1,
          null,
          null,
          1,
          null,
          null,
          null,
          null,
          null,
          null,
          null
        ]
      },
      "/Users/michalcebula/code/project/mainten_app/config/initializers/assets.rb": {
        "lines": [
          null,
          null,
          null,
          null,
          null,
          1,
          null,
          null,
          null,
          null,
          null,
          null,
          null,
          null
        ]
      },
      "/Users/michalcebula/code/project/mainten_app/config/initializers/content_security_policy.rb": {
        "lines": [
          null,
          null,
          null,
          null,
          null,
          null,
          null,
          null,
          null,
          null,
          null,
          null,
          null,
          null,
          null,
          null,
          null,
          null,
          null,
          null,
          null,
          null,
          null,
          null,
          null,
          null
        ]
      },
      "/Users/michalcebula/code/project/mainten_app/config/initializers/filter_parameter_logging.rb": {
        "lines": [
          null,
          null,
          null,
          null,
          null,
          null,
          null,
          1,
          null,
          null
        ]
      },
      "/Users/michalcebula/code/project/mainten_app/config/initializers/inflections.rb": {
        "lines": [
          null,
          null,
          null,
          null,
          null,
          null,
          null,
          null,
          null,
          null,
          null,
          null,
          null,
          null,
          null,
          null,
          null
        ]
      },
      "/Users/michalcebula/code/project/mainten_app/config/initializers/pagy.rb": {
        "lines": [
          null,
          null,
          null,
          null,
          null,
          null,
          null,
          null,
          null,
          null,
          null,
          null,
          null,
          null,
          null,
          null,
          null,
          null,
          null,
          null,
          null,
          null,
          null,
          null,
          null,
          null,
          null,
          null,
          null,
          null,
          null,
          null,
          null,
          null,
          null,
          null,
          null,
          null,
          null,
          null,
          null,
          null,
          null,
          null,
          null,
          null,
          null,
          null,
          null,
          null,
          null,
          null,
          null,
          null,
          null,
          null,
          null,
          null,
          null,
          null,
          null,
          null,
          null,
          null,
          null,
          null,
          null,
          null,
          null,
          null,
          null,
          null,
          null,
          null,
          null,
          null,
          null,
          null,
          null,
          null,
          null,
          null,
          null,
          null,
          null,
          null,
          null,
          null,
          null,
          null,
          null,
          null,
          null,
          null,
          null,
          null,
          null,
          null,
          null,
          null,
          null,
          null,
          null,
          null,
          null,
          null,
          null,
          null,
          null,
          1,
          null,
          1,
          null,
          null,
          null,
          null,
          null,
          null,
          null,
          null,
          null,
          null,
          null,
          null,
          null,
          null,
          null,
          null,
          null,
          null,
          null,
          null,
          null,
          null,
          null,
          null,
          null,
          null,
          null,
          null,
          null,
          null,
          null,
          null,
          null,
          null,
          null,
          null,
          null,
          null,
          null,
          null,
          null,
          null,
          null,
          null,
          null,
          null,
          null,
          null,
          null,
          null,
          null,
          null,
          null,
          null,
          null,
          null,
          null,
          null,
          null,
          null,
          null,
          null,
          null,
          null,
          null,
          null,
          null,
          null,
          null,
          null,
          null,
          null,
          null,
          null,
          null,
          null,
          null,
          null,
          null,
          null,
          null,
          null,
          null,
          null,
          null,
          null,
          null,
          null,
          null,
          null,
          null,
          null,
          null,
          null,
          null,
          null,
          null,
          null,
          null,
          null,
          null,
          null,
          null,
          null,
          null,
          null,
          null,
          null,
          null,
          null,
          null,
          null,
          null,
          null,
          null,
          null,
          null,
          null,
          null,
          null,
          null,
          null,
          null,
          null,
          null,
          null,
          null,
          null,
          null,
          null,
          null,
          null,
          null,
          null,
          null,
          null,
          null,
          1
        ]
      },
      "/Users/michalcebula/code/project/mainten_app/config/initializers/permissions_policy.rb": {
        "lines": [
          null,
          null,
          null,
          null,
          null,
          null,
          null,
          null,
          null,
          null,
          null,
          null
        ]
      },
      "/Users/michalcebula/code/project/mainten_app/config/initializers/redis.rb": {
        "lines": [
          null,
          null,
          1
        ]
      },
      "/Users/michalcebula/code/project/mainten_app/config/initializers/strong_migrations.rb": {
        "lines": [
          null,
          1,
          null,
          null,
          null,
          1,
          1,
          null,
          null,
          null,
          1,
          null,
          null,
          null,
          null,
          null,
          null,
          null,
          null,
          null,
          null,
          null,
          null,
          null,
          null,
          null
        ]
      },
      "/Users/michalcebula/code/project/mainten_app/spec/factories/role_assignments.rb": {
        "lines": [
          null,
          null,
          1,
          1,
          1,
          1,
          null,
          null
        ]
      },
      "/Users/michalcebula/code/project/mainten_app/spec/factories/roles.rb": {
        "lines": [
          null,
          null,
          1,
          1,
          1,
          6,
          null,
          null,
          1,
          1,
          null,
          null,
          1,
          1,
          null,
          null,
          1,
          3,
          null,
          null,
          null
        ]
      },
      "/Users/michalcebula/code/project/mainten_app/spec/factories/user.rb": {
        "lines": [
          null,
          null,
          1,
          1,
          48,
          47,
          48,
          48,
          47,
          null,
          1,
          7,
          null,
          null,
          1,
          1,
          3,
          3,
          null,
          null,
          null,
          1,
          1,
          2,
          2,
          null,
          null,
          null,
          null
        ]
      },
      "/Users/michalcebula/code/project/mainten_app/config/routes.rb": {
        "lines": [
          null,
          null,
          1,
          1,
          1,
          1,
          1,
          null,
          1,
          null,
          null,
          null
        ]
      },
      "/Users/michalcebula/code/project/mainten_app/app/helpers/application_helper.rb": {
        "lines": [
          null,
          null,
          1,
          null
        ]
      },
      "/Users/michalcebula/code/project/mainten_app/spec/support/api/endpoints/create.rb": {
        "lines": [
          null,
          null,
          1,
          0,
          null,
          0,
          null
        ]
      },
      "/Users/michalcebula/code/project/mainten_app/spec/support/api/endpoints/destory.rb": {
        "lines": [
          null,
          null,
          1,
          4,
          null,
          2,
          null
        ]
      },
      "/Users/michalcebula/code/project/mainten_app/spec/support/api/endpoints/index.rb": {
        "lines": [
          null,
          null,
          1,
          2,
          null,
          1,
          null
        ]
      },
      "/Users/michalcebula/code/project/mainten_app/spec/support/api/endpoints/show.rb": {
        "lines": [
          null,
          null,
          1,
          4,
          null,
          2,
          null
        ]
      },
      "/Users/michalcebula/code/project/mainten_app/spec/support/api/endpoints/update.rb": {
        "lines": [
          null,
          null,
          1,
          2,
          null,
          1,
          null
        ]
      },
      "/Users/michalcebula/code/project/mainten_app/spec/support/api/responses/401_unauthorized.rb": {
        "lines": [
          null,
          null,
          1,
          12,
          null,
          6,
          6,
          null,
          6,
          6,
          null,
          null
        ]
      },
      "/Users/michalcebula/code/project/mainten_app/app/models/role_assignment.rb": {
        "lines": [
          null,
          null,
          1,
          1,
          1,
          null
        ]
      },
      "/Users/michalcebula/code/project/mainten_app/app/models/application_record.rb": {
        "lines": [
          null,
          null,
          1,
          1,
          null
        ]
      },
      "/Users/michalcebula/code/project/mainten_app/spec/models/role_spec.rb": {
        "lines": [
          null,
          null,
          1,
          null,
          1,
          3,
          null,
          1,
          1,
          null,
          null,
          1,
          1,
          null,
          1,
          1,
          null,
          null,
          1,
          1,
          null,
          1,
          null,
          null,
          1,
          1,
          null,
          null
        ]
      },
      "/Users/michalcebula/code/project/mainten_app/app/models/role.rb": {
        "lines": [
          null,
          null,
          1,
          1,
          null,
          1,
          1,
          null,
          1,
          null
        ]
      },
      "/Users/michalcebula/code/project/mainten_app/spec/models/user_spec.rb": {
        "lines": [
          null,
          null,
          1,
          null,
          1,
          14,
          11,
          null,
          1,
          1,
          1,
          null,
          null,
          1,
          1,
          null,
          1,
          1,
          null,
          null,
          1,
          1,
          null,
          1,
          1,
          null,
          null,
          1,
          1,
          null,
          1,
          1,
          null,
          null,
          1,
          1,
          null,
          1,
          1,
          null,
          null,
          1,
          1,
          null,
          1,
          1,
          null,
          null,
          1,
          1,
          null,
          1,
          1,
          null,
          null,
          1,
          1,
          1,
          null,
          1,
          1,
          null,
          null,
          1,
          1,
          1,
          null,
          1,
          1,
          null,
          null,
          1,
          1,
          1,
          null,
          1,
          1,
          null,
          null,
          null,
          1,
          5,
          null,
          1,
          1,
          null,
          1,
          1,
          null,
          null,
          1,
          1,
          null,
          1,
          1,
          null,
          null,
          1,
          1,
          null,
          null,
          1,
          null,
          null,
          1,
          1,
          null,
          null,
          1,
          null,
          null,
          null
        ]
      },
      "/Users/michalcebula/code/project/mainten_app/app/models/user.rb": {
        "lines": [
          null,
          null,
          1,
          1,
          1,
          1,
          null,
          1,
          1,
          53,
          1,
          53,
          null
        ]
      },
      "/Users/michalcebula/code/project/mainten_app/spec/policies/api/user_policy_spec.rb": {
        "lines": [
          null,
          null,
          1,
          null,
          1,
          7,
          null,
          1,
          1,
          1,
          1,
          null,
          1,
          null,
          null,
          1,
          1,
          null,
          1,
          null,
          null,
          1,
          1,
          1,
          null,
          1,
          null,
          null,
          null,
          1,
          1,
          1,
          null,
          1,
          null,
          null,
          1,
          1,
          null,
          1,
          null,
          null,
          1,
          1,
          null,
          1,
          null,
          null,
          null
        ]
      },
      "/Users/michalcebula/code/project/mainten_app/app/policies/api/user_policy.rb": {
        "lines": [
          null,
          null,
          1,
          1,
          1,
          1,
          8,
          null,
          null,
          1,
          2,
          null,
          null,
          1,
          6,
          null,
          3,
          6,
          null,
          null,
          1,
          1,
          null,
          null,
          null
        ]
      },
      "/Users/michalcebula/code/project/mainten_app/spec/repositories/user_repository_spec.rb": {
        "lines": [
          null,
          null,
          1,
          null,
          1,
          7,
          null,
          1,
          2,
          2,
          null,
          1,
          1,
          null,
          null,
          1,
          1,
          null,
          null,
          null,
          1,
          3,
          null,
          1,
          1,
          null,
          null,
          1,
          2,
          null,
          null,
          null,
          1,
          3,
          null,
          1,
          1,
          null,
          1,
          1,
          null,
          null,
          1,
          1,
          null,
          null,
          null
        ]
      },
      "/Users/michalcebula/code/project/mainten_app/app/repositories/user_repository.rb": {
        "lines": [
          null,
          null,
          1,
          1,
          1,
          6,
          null,
          null,
          1,
          3,
          null,
          null,
          1,
          2,
          null,
          1,
          null,
          null,
          null
        ]
      },
      "/Users/michalcebula/code/project/mainten_app/spec/requests/api/v1/authentication_spec.rb": {
        "lines": [
          null,
          null,
          1,
          null,
          1,
          4,
          null,
          1,
          3,
          null,
          1,
          2,
          2,
          null,
          1,
          1,
          null,
          1,
          1,
          null,
          null,
          null,
          1,
          2,
          2,
          null,
          1,
          1,
          null,
          1,
          1,
          null,
          null,
          null,
          null,
          1,
          1,
          1,
          null,
          null,
          1,
          2,
          null,
          1,
          1,
          null,
          null,
          1,
          1,
          1,
          null,
          null,
          1,
          1,
          null,
          1,
          1,
          1,
          null,
          null,
          null,
          null
        ]
      },
      "/Users/michalcebula/code/project/mainten_app/spec/requests/api/v1/users_spec.rb": {
        "lines": [
          null,
          null,
          1,
          null,
          1,
          1,
          3,
          null,
          4,
          2,
          null,
          1,
          1,
          null,
          null,
          1,
          1,
          2,
          2,
          null,
          null,
          1,
          1,
          1,
          null,
          1,
          1,
          1,
          null,
          null,
          1,
          1,
          1,
          1,
          null,
          1,
          1,
          1,
          1,
          1,
          1,
          null,
          null,
          null,
          null,
          1,
          2,
          null,
          4,
          3,
          2,
          null,
          1,
          1,
          null,
          null,
          1,
          1,
          2,
          2,
          null,
          null,
          1,
          1,
          null,
          1,
          1,
          1,
          null,
          null,
          1,
          1,
          null,
          1,
          1,
          null,
          null,
          null,
          null,
          null,
          1,
          4,
          null,
          5,
          2,
          2,
          null,
          1,
          1,
          null,
          1,
          1,
          1,
          null,
          1,
          null,
          1,
          null,
          null,
          null,
          1,
          3,
          null,
          1,
          1,
          1,
          null,
          null,
          null,
          null,
          null,
          null,
          null,
          null,
          null,
          1,
          1,
          null,
          null,
          1,
          2,
          1,
          1,
          1,
          null,
          null,
          null,
          null,
          null,
          null,
          null,
          null,
          1,
          2,
          null,
          1,
          1,
          null,
          null,
          1,
          2,
          1,
          1,
          null,
          null,
          null,
          null,
          null,
          null,
          null,
          null,
          null,
          null,
          null,
          null,
          1,
          2,
          null,
          4,
          3,
          2,
          null,
          1,
          1,
          null,
          null,
          1,
          3,
          null,
          1,
          1,
          null,
          2,
          null,
          1,
          1,
          1,
          null,
          null,
          null,
          null,
          null,
          null,
          null,
          1,
          1,
          null,
          1,
          null,
          1,
          1,
          null,
          null,
          null,
          null,
          1,
          5,
          null,
          6,
          5,
          2,
          null,
          1,
          1,
          null,
          null,
          1,
          5,
          null,
          1,
          2,
          null,
          1,
          1,
          null,
          2,
          null,
          null,
          1,
          1,
          1,
          null,
          null,
          null,
          null,
          null,
          null,
          null,
          null,
          1,
          2,
          null,
          1,
          1,
          null,
          2,
          1,
          1,
          1,
          null,
          null,
          null,
          1,
          2,
          2,
          null,
          1,
          1,
          null,
          null,
          null,
          1,
          null,
          1,
          1,
          null,
          null,
          null,
          1,
          2,
          null,
          1,
          1,
          1,
          null,
          1,
          1,
          1,
          1,
          null,
          null,
          null,
          null,
          null,
          null,
          null,
          null,
          null,
          null,
          null,
          null
        ]
      },
      "/Users/michalcebula/code/project/mainten_app/spec/responses/bad_request_spec.rb": {
        "lines": [
          null,
          null,
          1,
          null,
          1,
          2,
          null,
          1,
          1,
          1,
          null,
          null
        ]
      },
      "/Users/michalcebula/code/project/mainten_app/app/api/responses/bad_request.rb": {
        "lines": [
          null,
          null,
          1,
          1,
          1,
          null,
          1,
          null,
          1,
          2,
          null,
          null,
          null
        ]
      },
      "/Users/michalcebula/code/project/mainten_app/app/api/responses/failure.rb": {
        "lines": [
          null,
          null,
          1,
          1,
          1,
          null,
          1,
          null,
          1,
          19,
          19,
          19,
          null,
          null,
          1,
          null,
          1,
          19,
          18,
          null,
          17,
          null,
          null,
          null
        ]
      },
      "/Users/michalcebula/code/project/mainten_app/spec/responses/failure_spec.rb": {
        "lines": [
          null,
          null,
          1,
          null,
          1,
          1,
          1,
          null,
          1,
          1,
          1,
          null,
          1,
          1,
          null,
          null,
          null,
          1,
          2,
          2,
          2,
          null,
          1,
          1,
          1,
          null,
          null,
          null,
          1,
          2,
          null,
          1,
          1,
          1,
          null,
          null,
          null
        ]
      },
      "/Users/michalcebula/code/project/mainten_app/spec/responses/not_found_spec.rb": {
        "lines": [
          null,
          null,
          1,
          null,
          1,
          2,
          null,
          1,
          1,
          1,
          null,
          null
        ]
      },
      "/Users/michalcebula/code/project/mainten_app/app/api/responses/not_found.rb": {
        "lines": [
          null,
          null,
          1,
          1,
          1,
          null,
          1,
          null,
          1,
          4,
          null,
          null,
          null
        ]
      },
      "/Users/michalcebula/code/project/mainten_app/spec/responses/success_spec.rb": {
        "lines": [
          null,
          null,
          1,
          null,
          1,
          1,
          1,
          null,
          1,
          1,
          1,
          null,
          1,
          1,
          null,
          null,
          null,
          1,
          2,
          2,
          2,
          2,
          2,
          null,
          1,
          1,
          null,
          null,
          1,
          1,
          null,
          1,
          1,
          null,
          null,
          null
        ]
      },
      "/Users/michalcebula/code/project/mainten_app/app/api/responses/success.rb": {
        "lines": [
          null,
          null,
          1,
          1,
          1,
          null,
          1,
          null,
          1,
          null,
          1,
          11,
          11,
          11,
          null,
          null,
          1,
          null,
          1,
          11,
          10,
          4,
          null,
          1,
          null,
          null,
          null
        ]
      },
      "/Users/michalcebula/code/project/mainten_app/app/api/helpers/paginable.rb": {
        "lines": [
          null,
          null,
          1,
          1,
          1,
          null,
          1,
          2,
          2,
          null,
          2,
          2,
          null,
          null,
          1,
          null,
          1,
          2,
          2,
          2,
          2,
          null,
          2,
          null,
          null,
          null
        ]
      },
      "/Users/michalcebula/code/project/mainten_app/spec/responses/unauthorized_spec.rb": {
        "lines": [
          null,
          null,
          1,
          null,
          1,
          2,
          null,
          1,
          1,
          1,
          null,
          null
        ]
      },
      "/Users/michalcebula/code/project/mainten_app/app/api/responses/unauthorized.rb": {
        "lines": [
          null,
          null,
          1,
          1,
          1,
          null,
          1,
          null,
          1,
          9,
          null,
          null,
          null
        ]
      },
      "/Users/michalcebula/code/project/mainten_app/spec/responses/unpermitted_spec.rb": {
        "lines": [
          null,
          null,
          1,
          null,
          1,
          2,
          null,
          1,
          1,
          1,
          null,
          null
        ]
      },
      "/Users/michalcebula/code/project/mainten_app/app/api/responses/unpermitted.rb": {
        "lines": [
          null,
          null,
          1,
          1,
          1,
          null,
          1,
          null,
          1,
          1,
          null,
          null,
          null
        ]
      },
      "/Users/michalcebula/code/project/mainten_app/spec/serializers/user_serializer_spec.rb": {
        "lines": [
          null,
          null,
          1,
          null,
          1,
          1,
          2,
          null,
          2,
          1,
          null,
          1,
          null,
          null,
          null,
          null,
          null,
          null,
          null,
          null,
          null,
          null,
          null,
          null,
          null,
          null,
          1,
          1,
          null,
          null,
          null
        ]
      },
      "/Users/michalcebula/code/project/mainten_app/app/serializers/user_serializer.rb": {
        "lines": [
          null,
          null,
          1,
          1,
          null,
          1,
          1,
          1,
          null
        ]
      },
      "/Users/michalcebula/code/project/mainten_app/spec/services/authorization/j_w_t_auth_spec.rb": {
        "lines": [
          null,
          null,
          1,
          null,
          1,
          5,
          null,
          3,
          2,
          null,
          5,
          null,
          1,
          2,
          null,
          1,
          1,
          1,
          1,
          1,
          1,
          null,
          null,
          1,
          1,
          null,
          1,
          null,
          null,
          null,
          1,
          3,
          null,
          3,
          null,
          1,
          1,
          null,
          2,
          null,
          null,
          1,
          1,
          1,
          1,
          null,
          1,
          null,
          null,
          null,
          1,
          1,
          1,
          1,
          null,
          null,
          1,
          1,
          null,
          1,
          null,
          1,
          1,
          null,
          null,
          null
        ]
      },
      "/Users/michalcebula/code/project/mainten_app/app/api/services/authorization/j_w_t_auth.rb": {
        "lines": [
          null,
          null,
          1,
          null,
          null,
          null,
          1,
          1,
          1,
          1,
          1,
          null,
          1,
          3,
          3,
          null,
          null,
          1,
          8,
          null,
          7,
          1,
          null,
          null,
          1,
          2,
          null,
          null,
          null,
          null
        ]
      },
      "/Users/michalcebula/code/project/mainten_app/app/controllers/api/v1/authentications_controller.rb": {
        "lines": [
          null,
          null,
          1,
          1,
          1,
          1,
          null,
          1,
          2,
          2,
          null,
          1,
          null,
          null,
          1,
          1,
          null,
          1,
          null,
          null,
          1,
          null,
          1,
          2,
          null,
          null,
          1,
          3,
          null,
          null,
          1,
          1,
          null,
          null,
          null,
          null
        ]
      },
      "/Users/michalcebula/code/project/mainten_app/app/controllers/api/v1/base_controller.rb": {
        "lines": [
          null,
          null,
          1,
          1,
          1,
          1,
          null,
          1,
          1,
          null,
          1,
          null,
          1,
          6,
          null,
          6,
          null,
          null,
          1,
          0,
          null,
          null,
          1,
          9,
          null,
          null,
          1,
          7,
          7,
          null,
          7,
          null,
          null,
          1,
          6,
          null,
          null,
          1,
          7,
          7,
          null,
          7,
          null,
          null,
          1,
          8,
          8,
          null,
          null,
          1,
          1,
          1,
          null,
          null,
          1,
          0,
          0,
          null,
          null,
          1,
          3,
          null,
          3,
          3,
          null,
          null,
          null,
          null
        ]
      },
      "/Users/michalcebula/code/project/mainten_app/app/controllers/application_controller.rb": {
        "lines": [
          null,
          null,
          1,
          1,
          null
        ]
      },
      "/Users/michalcebula/code/project/mainten_app/app/controllers/api/v1/users_controller.rb": {
        "lines": [
          null,
          null,
          1,
          1,
          1,
          1,
          2,
          null,
          2,
          null,
          null,
          1,
          2,
          1,
          null,
          1,
          null,
          1,
          null,
          null,
          1,
          3,
          null,
          2,
          2,
          null,
          1,
          null,
          null,
          1,
          4,
          3,
          3,
          null,
          2,
          2,
          null,
          1,
          null,
          1,
          null,
          null,
          1,
          2,
          1,
          null,
          1,
          null,
          1,
          null,
          null,
          1,
          null,
          1,
          8,
          null,
          1,
          null,
          null,
          1,
          7,
          null,
          null,
          1,
          7,
          null,
          null,
          1,
          2,
          null,
          null,
          1,
          1,
          1,
          null,
          null,
          null,
          null
        ]
      }
    },
    "timestamp": 1676745595
  }
}
